-------------------------------------------------------------------------------
Test set: com.triton.AppTest
-------------------------------------------------------------------------------
Tests run: 1, Failures: 1, Errors: 0, Skipped: 0, Time elapsed: 0.033 s <<< FAILURE! - in com.triton.AppTest
shouldAnswerWithTrue(com.triton.AppTest)  Time elapsed: 0.005 s  <<< FAILURE!
java.lang.AssertionError
	at com.triton.AppTest.shouldAnswerWithTrue(AppTest.java:16)

